app/build/intermediates/manifest_merge_blame_file/debug/manifest-merger-blame-debug-report.txt
1<?xml version="1.0" encoding="utf-8"?>
2<manifest xmlns:android="http://schemas.android.com/apk/res/android"
3    package="com.example.moco_project"
4    android:versionCode="1"
5    android:versionName="1.0" >
6
7    <uses-sdk
8        android:minSdkVersion="24"
8-->src\main\AndroidManifest.xml
9        android:targetSdkVersion="33" />
9-->src\main\AndroidManifest.xml
10
11    <uses-feature
11-->src\main\AndroidManifest.xml:5:5-7:36
12        android:name="android.hardware.camera"
12-->src\main\AndroidManifest.xml:6:9-47
13        android:required="false" />
13-->src\main\AndroidManifest.xml:7:9-33
14
15    <uses-permission android:name="android.permission.ACCESS_COARSE_LOCATION" />
15-->src\main\AndroidManifest.xml:9:5-81
15-->src\main\AndroidManifest.xml:9:22-78
16    <uses-permission android:name="android.permission.ACCESS_FINE_LOCATION" />
16-->src\main\AndroidManifest.xml:10:5-79
16-->src\main\AndroidManifest.xml:10:22-76
17    <uses-permission android:name="android.permission.CAMERA" />
17-->src\main\AndroidManifest.xml:11:5-65
17-->src\main\AndroidManifest.xml:11:22-62
18    <!--
19     Limits app visibility in the Google Play Store to ARCore supported devices
20     (https://developers.google.com/ar/devices).
21    -->
22    <uses-feature android:name="android.hardware.camera.ar" />
22-->src\main\AndroidManifest.xml:14:5-63
22-->src\main\AndroidManifest.xml:14:19-60
23
24    <queries>
24-->[com.google.ar:core:1.38.0] AndroidManifest.xml:20:5-22:15
25        <package android:name="com.google.ar.core" />
25-->[com.google.ar:core:1.38.0] AndroidManifest.xml:21:9-54
25-->[com.google.ar:core:1.38.0] AndroidManifest.xml:21:18-51
26        <!-- Needs to be explicitly declared on Android R+ -->
27        <package android:name="com.google.android.apps.maps" />
27-->[com.google.android.gms:play-services-maps:18.1.0] AndroidManifest.xml:33:9-64
27-->[com.google.android.gms:play-services-maps:18.1.0] AndroidManifest.xml:33:18-61
28    </queries> <!-- Include required permissions for Google Maps API to run. -->
29    <uses-permission android:name="android.permission.ACCESS_NETWORK_STATE" />
29-->[com.google.android.gms:play-services-maps:18.1.0] AndroidManifest.xml:23:5-79
29-->[com.google.android.gms:play-services-maps:18.1.0] AndroidManifest.xml:23:22-76
30    <uses-permission android:name="android.permission.INTERNET" />
30-->[com.google.android.gms:play-services-maps:18.1.0] AndroidManifest.xml:24:5-67
30-->[com.google.android.gms:play-services-maps:18.1.0] AndroidManifest.xml:24:22-64
31
32    <uses-feature
32-->[com.google.android.gms:play-services-maps:18.1.0] AndroidManifest.xml:26:5-28:35
33        android:glEsVersion="0x00020000"
33-->[com.google.android.gms:play-services-maps:18.1.0] AndroidManifest.xml:27:9-41
34        android:required="true" />
34-->[com.google.android.gms:play-services-maps:18.1.0] AndroidManifest.xml:28:9-32
35
36    <permission
36-->[androidx.core:core:1.9.0] AndroidManifest.xml:22:5-24:47
37        android:name="com.example.moco_project.DYNAMIC_RECEIVER_NOT_EXPORTED_PERMISSION"
37-->[androidx.core:core:1.9.0] AndroidManifest.xml:23:9-81
38        android:protectionLevel="signature" />
38-->[androidx.core:core:1.9.0] AndroidManifest.xml:24:9-44
39
40    <uses-permission android:name="com.example.moco_project.DYNAMIC_RECEIVER_NOT_EXPORTED_PERMISSION" />
40-->[androidx.core:core:1.9.0] AndroidManifest.xml:26:5-97
40-->[androidx.core:core:1.9.0] AndroidManifest.xml:26:22-94
41
42    <application
42-->src\main\AndroidManifest.xml:16:5-53:19
43        android:allowBackup="true"
43-->src\main\AndroidManifest.xml:17:9-35
44        android:appComponentFactory="androidx.core.app.CoreComponentFactory"
44-->[androidx.core:core:1.9.0] AndroidManifest.xml:28:18-86
45        android:dataExtractionRules="@xml/data_extraction_rules"
45-->src\main\AndroidManifest.xml:18:9-65
46        android:debuggable="true"
47        android:extractNativeLibs="false"
48        android:fullBackupContent="@xml/backup_rules"
48-->src\main\AndroidManifest.xml:19:9-54
49        android:icon="@mipmap/ic_launcher"
49-->src\main\AndroidManifest.xml:20:9-43
50        android:label="@string/app_name"
50-->src\main\AndroidManifest.xml:21:9-41
51        android:roundIcon="@mipmap/ic_launcher_round"
51-->src\main\AndroidManifest.xml:22:9-54
52        android:supportsRtl="true"
52-->src\main\AndroidManifest.xml:23:9-35
53        android:theme="@style/Theme.MOCOPROJECT" >
53-->src\main\AndroidManifest.xml:24:9-49
54        <activity
54-->src\main\AndroidManifest.xml:26:9-28:39
55            android:name="com.example.moco_project.ArActivity"
55-->src\main\AndroidManifest.xml:27:13-39
56            android:exported="true" />
56-->src\main\AndroidManifest.xml:28:13-36
57
58        <meta-data
59            android:name="com.google.android.geo.API_KEY"
59-->src\main\AndroidManifest.xml:31:13-58
60            android:value="AIzaSyC1XfZwbIaJKxcY0NnLC9cifg3Lt0-ZXjc" />
60-->src\main\AndroidManifest.xml:32:13-44
61        <meta-data
61-->src\main\AndroidManifest.xml:33:9-35:69
62            android:name="com.google.android.gms.version"
62-->src\main\AndroidManifest.xml:34:13-58
63            android:value="@integer/google_play_services_version" />
63-->src\main\AndroidManifest.xml:35:13-66
64
65        <activity
65-->src\main\AndroidManifest.xml:37:9-39:40
66            android:name="com.example.moco_project.MapActivity"
66-->src\main\AndroidManifest.xml:38:13-40
67            android:exported="false" />
67-->src\main\AndroidManifest.xml:39:13-37
68        <activity
68-->src\main\AndroidManifest.xml:40:9-48:20
69            android:name="com.example.moco_project.MainActivity"
69-->src\main\AndroidManifest.xml:41:13-41
70            android:exported="true" >
70-->src\main\AndroidManifest.xml:42:13-36
71            <intent-filter>
71-->src\main\AndroidManifest.xml:43:13-47:29
72                <action android:name="android.intent.action.MAIN" />
72-->src\main\AndroidManifest.xml:44:17-69
72-->src\main\AndroidManifest.xml:44:25-66
73
74                <category android:name="android.intent.category.LAUNCHER" />
74-->src\main\AndroidManifest.xml:46:17-77
74-->src\main\AndroidManifest.xml:46:27-74
75            </intent-filter>
76        </activity>
77
78        <!--
79        "AR Required" app, requires "Google Play Services for AR" (ARCore)
80        to be installed, as the app does not include any non-AR features.
81        -->
82        <meta-data
82-->src\main\AndroidManifest.xml:52:9-81
83            android:name="com.google.ar.core"
83-->src\main\AndroidManifest.xml:52:20-53
84            android:value="required" />
84-->src\main\AndroidManifest.xml:52:54-78
85        <!-- The minimal version code of ARCore APK required for an app using this SDK. -->
86        <meta-data
86-->[com.google.ar:core:1.38.0] AndroidManifest.xml:27:9-29:41
87            android:name="com.google.ar.core.min_apk_version"
87-->[com.google.ar:core:1.38.0] AndroidManifest.xml:28:13-62
88            android:value="231000000" /> <!-- This activity is critical for installing ARCore when it is not already present. -->
88-->[com.google.ar:core:1.38.0] AndroidManifest.xml:29:13-38
89        <activity
89-->[com.google.ar:core:1.38.0] AndroidManifest.xml:31:9-37:80
90            android:name="com.google.ar.core.InstallActivity"
90-->[com.google.ar:core:1.38.0] AndroidManifest.xml:32:13-62
91            android:configChanges="keyboardHidden|orientation|screenSize"
91-->[com.google.ar:core:1.38.0] AndroidManifest.xml:33:13-74
92            android:excludeFromRecents="true"
92-->[com.google.ar:core:1.38.0] AndroidManifest.xml:34:13-46
93            android:exported="false"
93-->[com.google.ar:core:1.38.0] AndroidManifest.xml:35:13-37
94            android:launchMode="singleTop"
94-->[com.google.ar:core:1.38.0] AndroidManifest.xml:36:13-43
95            android:theme="@android:style/Theme.Material.Light.Dialog.Alert" /> <!-- Needs to be explicitly declared on P+ -->
95-->[com.google.ar:core:1.38.0] AndroidManifest.xml:37:13-77
96        <uses-library
96-->[com.google.android.gms:play-services-maps:18.1.0] AndroidManifest.xml:39:9-41:40
97            android:name="org.apache.http.legacy"
97-->[com.google.android.gms:play-services-maps:18.1.0] AndroidManifest.xml:40:13-50
98            android:required="false" />
98-->[com.google.android.gms:play-services-maps:18.1.0] AndroidManifest.xml:41:13-37
99
100        <activity
100-->[com.google.android.gms:play-services-base:18.1.0] AndroidManifest.xml:20:9-22:45
101            android:name="com.google.android.gms.common.api.GoogleApiActivity"
101-->[com.google.android.gms:play-services-base:18.1.0] AndroidManifest.xml:20:19-85
102            android:exported="false"
102-->[com.google.android.gms:play-services-base:18.1.0] AndroidManifest.xml:22:19-43
103            android:theme="@android:style/Theme.Translucent.NoTitleBar" />
103-->[com.google.android.gms:play-services-base:18.1.0] AndroidManifest.xml:21:19-78
104
105        <provider
105-->[androidx.emoji2:emoji2:1.2.0] AndroidManifest.xml:24:9-32:20
106            android:name="androidx.startup.InitializationProvider"
106-->[androidx.emoji2:emoji2:1.2.0] AndroidManifest.xml:25:13-67
107            android:authorities="com.example.moco_project.androidx-startup"
107-->[androidx.emoji2:emoji2:1.2.0] AndroidManifest.xml:26:13-68
108            android:exported="false" >
108-->[androidx.emoji2:emoji2:1.2.0] AndroidManifest.xml:27:13-37
109            <meta-data
109-->[androidx.emoji2:emoji2:1.2.0] AndroidManifest.xml:29:13-31:52
110                android:name="androidx.emoji2.text.EmojiCompatInitializer"
110-->[androidx.emoji2:emoji2:1.2.0] AndroidManifest.xml:30:17-75
111                android:value="androidx.startup" />
111-->[androidx.emoji2:emoji2:1.2.0] AndroidManifest.xml:31:17-49
112            <meta-data
112-->[androidx.lifecycle:lifecycle-process:2.4.1] AndroidManifest.xml:31:13-33:52
113                android:name="androidx.lifecycle.ProcessLifecycleInitializer"
113-->[androidx.lifecycle:lifecycle-process:2.4.1] AndroidManifest.xml:32:17-78
114                android:value="androidx.startup" />
114-->[androidx.lifecycle:lifecycle-process:2.4.1] AndroidManifest.xml:33:17-49
115        </provider>
116    </application>
117
118</manifest>